<?xml version="1.0" encoding="UTF-8"?>
<!-- Generated by org.testng.reporters.JUnitXMLReporter -->
<testsuite ignored="0" hostname="DESKTOP-26J3KKR" failures="0" tests="4" name="Default test" time="42.876" errors="0" timestamp="10 Feb 2022 02:26:00 GMT">
  <testcase classname="tests.TestWikiSearchResult" name="testWikiSearchResult" time="9.57"/>
  <testcase classname="tests.TestWikiSearchResult" name="testWikiSearchResult" time="8.722"/>
  <testcase classname="tests.TestWikiSearchResult" name="testWikiSearchResult" time="7.39"/>
  <testcase classname="tests.TestWikiSearchResult" name="testWikiSearchResult" time="7.301"/>
</testsuite> <!-- Default test -->
