<?xml version="1.0" encoding="UTF-8"?>
<testng-results ignored="0" total="4" passed="4" failed="0" skipped="0">
  <reporter-output>
  </reporter-output>
  <suite started-at="2022-02-10T02:25:17Z" name="Default suite" finished-at="2022-02-10T02:26:00Z" duration-ms="42876">
    <groups>
    </groups>
    <test started-at="2022-02-10T02:25:17Z" name="Default test" finished-at="2022-02-10T02:26:00Z" duration-ms="42876">
      <class name="tests.TestWikiSearchResult">
        <test-method is-config="true" signature="launchBrowser()[pri:0, instance:tests.TestWikiSearchResult@3370f42]" started-at="2022-02-10T02:25:17Z" name="launchBrowser" finished-at="2022-02-10T02:25:21Z" duration-ms="4064" status="PASS">
          <reporter-output>
          </reporter-output>
        </test-method> <!-- launchBrowser -->
        <test-method signature="testWikiSearchResult(java.lang.String)[pri:0, instance:tests.TestWikiSearchResult@3370f42]" started-at="2022-02-10T02:25:21Z" name="testWikiSearchResult" data-provider="getSearchData" finished-at="2022-02-10T02:25:30Z" duration-ms="9570" status="PASS">
          <params>
            <param index="0">
              <value>
                <![CDATA[India]]>
              </value>
            </param>
          </params>
          <reporter-output>
          </reporter-output>
        </test-method> <!-- testWikiSearchResult -->
        <test-method signature="testWikiSearchResult(java.lang.String)[pri:0, instance:tests.TestWikiSearchResult@3370f42]" started-at="2022-02-10T02:25:30Z" name="testWikiSearchResult" data-provider="getSearchData" finished-at="2022-02-10T02:25:39Z" duration-ms="8722" status="PASS">
          <params>
            <param index="0">
              <value>
                <![CDATA[jio]]>
              </value>
            </param>
          </params>
          <reporter-output>
          </reporter-output>
        </test-method> <!-- testWikiSearchResult -->
        <test-method signature="testWikiSearchResult(java.lang.String)[pri:0, instance:tests.TestWikiSearchResult@3370f42]" started-at="2022-02-10T02:25:39Z" name="testWikiSearchResult" data-provider="getSearchData" finished-at="2022-02-10T02:25:46Z" duration-ms="7390" status="PASS">
          <params>
            <param index="0">
              <value>
                <![CDATA[Selenium]]>
              </value>
            </param>
          </params>
          <reporter-output>
          </reporter-output>
        </test-method> <!-- testWikiSearchResult -->
        <test-method signature="testWikiSearchResult(java.lang.String)[pri:0, instance:tests.TestWikiSearchResult@3370f42]" started-at="2022-02-10T02:25:46Z" name="testWikiSearchResult" data-provider="getSearchData" finished-at="2022-02-10T02:25:54Z" duration-ms="7301" status="PASS">
          <params>
            <param index="0">
              <value>
                <![CDATA[Flipkart]]>
              </value>
            </param>
          </params>
          <reporter-output>
          </reporter-output>
        </test-method> <!-- testWikiSearchResult -->
        <test-method is-config="true" signature="teardown()[pri:0, instance:tests.TestWikiSearchResult@3370f42]" started-at="2022-02-10T02:25:54Z" name="teardown" finished-at="2022-02-10T02:26:00Z" duration-ms="5805" status="PASS">
          <reporter-output>
          </reporter-output>
        </test-method> <!-- teardown -->
      </class> <!-- tests.TestWikiSearchResult -->
    </test> <!-- Default test -->
  </suite> <!-- Default suite -->
</testng-results>
